<?xml version="1.0" encoding="UTF-8"?>
<!-- Generated by org.testng.reporters.JUnitReportReporter -->
<testsuite hostname="DESKTOP-EJJ3CLD" failures="0" tests="1" name="DragAndDropElements.DragAndDropTests" time="1.514" errors="0" timestamp="2024-08-04T12:57:25 IST" skipped="0">
  <testcase classname="DragAndDropElements.DragAndDropTests" name="testDragAndDropOfElements" time="1.514"/>
</testsuite> <!-- DragAndDropElements.DragAndDropTests -->
