<?xml version="1.0" encoding="UTF-8"?>
<!-- Generated by org.testng.reporters.JUnitReportReporter -->
<testsuite hostname="DESKTOP-EJJ3CLD" failures="0" tests="2" name="Navigation.NavigationTests" time="5.012" errors="0" timestamp="2024-08-04T12:57:25 IST" skipped="0">
  <testcase classname="Navigation.NavigationTests" name="testBrowserNavigations" time="3.622"/>
  <testcase classname="Navigation.NavigationTests" name="testSwtichingWindows" time="1.390"/>
</testsuite> <!-- Navigation.NavigationTests -->
