<?xml version="1.0" encoding="UTF-8"?>
<!-- Generated by org.testng.reporters.JUnitReportReporter -->
<testsuite hostname="DESKTOP-EJJ3CLD" failures="0" tests="1" name="slider.SliderTests" time="1.528" errors="0" timestamp="2024-08-04T12:57:25 IST" skipped="0">
  <testcase classname="slider.SliderTests" name="dragSliderToRight" time="1.528"/>
</testsuite> <!-- slider.SliderTests -->
