<?xml version="1.0" encoding="UTF-8"?>
<!-- Generated by org.testng.reporters.JUnitReportReporter -->
<testsuite hostname="DESKTOP-EJJ3CLD" failures="0" tests="2" name="dropdown.DropDownTests" time="2.790" errors="0" timestamp="2024-08-04T12:57:25 IST" skipped="0">
  <testcase classname="dropdown.DropDownTests" name="testMultipleSelectionFromDropDown" time="1.810"/>
  <testcase classname="dropdown.DropDownTests" name="testSelectOption" time="0.980"/>
</testsuite> <!-- dropdown.DropDownTests -->
