<?xml version="1.0" encoding="UTF-8"?>
<!-- Generated by org.testng.reporters.JUnitReportReporter -->
<testsuite hostname="DESKTOP-EJJ3CLD" failures="0" tests="1" name="brokenImages.BrokenImagesTests" time="6.151" errors="0" timestamp="2024-08-04T12:57:25 IST" skipped="0">
  <testcase classname="brokenImages.BrokenImagesTests" name="testBrokenImagesPresent" time="6.151"/>
</testsuite> <!-- brokenImages.BrokenImagesTests -->
