<?xml version="1.0" encoding="UTF-8"?>
<!-- Generated by org.testng.reporters.JUnitReportReporter -->
<testsuite hostname="DESKTOP-EJJ3CLD" failures="0" tests="2" name="wait.DynamicLoadingTests" time="13.539" errors="0" timestamp="2024-08-04T12:57:25 IST" skipped="0">
  <testcase classname="wait.DynamicLoadingTests" name="testDynamicLoadingWait" time="6.482"/>
  <testcase classname="wait.DynamicLoadingTests" name="testDynamicLoadingOnceElementIsVisible" time="7.057"/>
</testsuite> <!-- wait.DynamicLoadingTests -->
