<?xml version="1.0" encoding="UTF-8"?>
<!-- Generated by org.testng.reporters.JUnitReportReporter -->
<testsuite hostname="DESKTOP-EJJ3CLD" failures="0" tests="3" name="alerts.AletsTests" time="3.453" errors="0" timestamp="2024-08-04T12:57:25 IST" skipped="0">
  <testcase classname="alerts.AletsTests" name="testDismissAlert" time="0.932"/>
  <testcase classname="alerts.AletsTests" name="testAcceptAlert" time="0.977"/>
  <testcase classname="alerts.AletsTests" name="testEnterTextIntoAlert" time="1.544"/>
</testsuite> <!-- alerts.AletsTests -->
