<?xml version="1.0" encoding="UTF-8"?>
<!-- Generated by org.testng.reporters.JUnitReportReporter -->
<testsuite hostname="DESKTOP-EJJ3CLD" failures="0" tests="2" name="JavaScript.JavaScriptTests" time="3.771" errors="0" timestamp="2024-08-04T12:57:25 IST" skipped="0">
  <testcase classname="JavaScript.JavaScriptTests" name="testParagraphScrolls" time="2.610"/>
  <testcase classname="JavaScript.JavaScriptTests" name="testScrollToTable" time="1.161"/>
</testsuite> <!-- JavaScript.JavaScriptTests -->
