<?xml version="1.0" encoding="UTF-8"?>
<!-- Generated by org.testng.reporters.JUnitReportReporter -->
<testsuite hostname="DESKTOP-EJJ3CLD" failures="0" tests="1" name="Navigation.WindowTests" time="1.903" errors="0" timestamp="2024-08-04T12:57:25 IST" skipped="0">
  <testcase classname="Navigation.WindowTests" name="testWindowTabs" time="1.903"/>
</testsuite> <!-- Navigation.WindowTests -->
