<?xml version="1.0" encoding="UTF-8"?>
<!-- Generated by org.testng.reporters.JUnitReportReporter -->
<testsuite hostname="DESKTOP-EJJ3CLD" failures="0" tests="1" name="alerts.ContextMenuTests" time="1.094" errors="0" timestamp="2024-08-04T12:57:25 IST" skipped="0">
  <testcase classname="alerts.ContextMenuTests" name="testContextMenuClick" time="1.094"/>
</testsuite> <!-- alerts.ContextMenuTests -->
