<?xml version="1.0" encoding="UTF-8"?>
<!-- Generated by org.testng.reporters.JUnitReportReporter -->
<testsuite hostname="DESKTOP-EJJ3CLD" failures="0" tests="2" name="keys.KeysTests" time="1.827" errors="0" timestamp="2024-08-04T12:57:25 IST" skipped="0">
  <testcase classname="keys.KeysTests" name="testBackspace" time="0.959"/>
  <testcase classname="keys.KeysTests" name="testPi" time="0.868"/>
</testsuite> <!-- keys.KeysTests -->
